<?xml version="1.0" encoding="UTF-8"?>
<!-- Generated by org.testng.reporters.JUnitReportReporter -->
<testsuite hostname="INBOOK_Y1_PLUS" failures="0" tests="1" name="com.InsuranceDomain.qa.testclass.LoginTest" time="12.153" errors="0" timestamp="23 Oct 2023 04:14:14 GMT" skipped="0">
  <testcase classname="com.InsuranceDomain.qa.testclass.LoginTest" name="loginTest" time="12.153"/>
</testsuite> <!-- com.InsuranceDomain.qa.testclass.LoginTest -->
