<?xml version="1.0" encoding="UTF-8"?>
<!-- Generated by org.testng.reporters.JUnitReportReporter -->
<testsuite hostname="INBOOK_Y1_PLUS" failures="0" tests="1" name="com.InsuranceDomain.qa.testclass.LoginTest" time="2.586" errors="0" timestamp="2023-10-16T21:35:20 IST" skipped="0">
  <testcase classname="com.InsuranceDomain.qa.testclass.LoginTest" name="loginTest" time="2.586"/>
</testsuite> <!-- com.InsuranceDomain.qa.testclass.LoginTest -->
