<?xml version="1.0" encoding="UTF-8"?>
<!-- Generated by org.testng.reporters.JUnitReportReporter -->
<testsuite hostname="INBOOK_Y1_PLUS" failures="0" tests="1" name="com.InsuranceDomain.qa.testclass.LoginTest" time="0.000" errors="0" timestamp="24 Oct 2023 10:42:51 GMT" skipped="1">
  <testcase classname="com.InsuranceDomain.qa.testclass.LoginTest" name="loginTest" time="0.000">
    <skipped/>
  </testcase> <!-- loginTest -->
</testsuite> <!-- com.InsuranceDomain.qa.testclass.LoginTest -->
